

============================== 2023-03-29 22:49:08.413773 | 14f4050e-fe5f-4e9f-b643-1c095a5840c8 ==============================
[0m22:49:08.413773 [info ] [MainThread]: Running with dbt=1.4.5
[0m22:49:08.414893 [debug] [MainThread]: running dbt with arguments {'write_json': True, 'use_colors': True, 'printer_width': 80, 'version_check': True, 'partial_parse': True, 'static_parser': True, 'profiles_dir': 'C:\\Users\\GabrielPC\\.dbt', 'send_anonymous_usage_stats': True, 'quiet': False, 'no_print': False, 'cache_selected_only': False, 'project_name': 'shop', 'skip_profile_setup': False, 'which': 'init', 'indirect_selection': 'eager'}
[0m22:49:08.414893 [debug] [MainThread]: Tracking: tracking
[0m22:49:08.421898 [debug] [MainThread]: Sending event: {'category': 'dbt', 'action': 'invocation', 'label': 'start', 'context': [<snowplow_tracker.self_describing_json.SelfDescribingJson object at 0x0000020CFEEC70D0>, <snowplow_tracker.self_describing_json.SelfDescribingJson object at 0x0000020CFF2FDD10>, <snowplow_tracker.self_describing_json.SelfDescribingJson object at 0x0000020CFEEC6CD0>]}
[0m22:49:08.423900 [debug] [MainThread]: Starter project path: C:\Users\GabrielPC\AppData\Local\Programs\Python\Python311\Lib\site-packages\dbt\include\starter_project
[0m22:50:33.780662 [debug] [MainThread]: Sending event: {'category': 'dbt', 'action': 'invocation', 'label': 'end', 'context': [<snowplow_tracker.self_describing_json.SelfDescribingJson object at 0x0000020C9AA30E50>, <snowplow_tracker.self_describing_json.SelfDescribingJson object at 0x0000020C999CA290>, <snowplow_tracker.self_describing_json.SelfDescribingJson object at 0x0000020C9AE62890>]}
[0m22:50:33.781663 [debug] [MainThread]: Flushing usage events
[0m22:50:34.495989 [error] [MainThread]: Encountered an error:

[0m22:50:34.496990 [error] [MainThread]: Traceback (most recent call last):
  File "C:\Users\GabrielPC\AppData\Local\Programs\Python\Python311\Lib\site-packages\dbt\main.py", line 136, in main
    results, succeeded = handle_and_check(args)
                         ^^^^^^^^^^^^^^^^^^^^^^
  File "C:\Users\GabrielPC\AppData\Local\Programs\Python\Python311\Lib\site-packages\dbt\main.py", line 206, in handle_and_check
    task, res = run_from_args(parsed)
                ^^^^^^^^^^^^^^^^^^^^^
  File "C:\Users\GabrielPC\AppData\Local\Programs\Python\Python311\Lib\site-packages\dbt\main.py", line 253, in run_from_args
    results = task.run()
              ^^^^^^^^^^
  File "C:\Users\GabrielPC\AppData\Local\Programs\Python\Python311\Lib\site-packages\dbt\task\init.py", line 305, in run
    self.create_profile_from_target(adapter, profile_name=project_name)
  File "C:\Users\GabrielPC\AppData\Local\Programs\Python\Python311\Lib\site-packages\dbt\task\init.py", line 180, in create_profile_from_target
    self.create_profile_from_profile_template(profile_template, profile_name)
  File "C:\Users\GabrielPC\AppData\Local\Programs\Python\Python311\Lib\site-packages\dbt\task\init.py", line 164, in create_profile_from_profile_template
    target = self.generate_target_from_input(prompts, initial_target)
             ^^^^^^^^^^^^^^^^^^^^^^^^^^^^^^^^^^^^^^^^^^^^^^^^^^^^^^^^
  File "C:\Users\GabrielPC\AppData\Local\Programs\Python\Python311\Lib\site-packages\dbt\task\init.py", line 117, in generate_target_from_input
    target = self.generate_target_from_input(
             ^^^^^^^^^^^^^^^^^^^^^^^^^^^^^^^^
  File "C:\Users\GabrielPC\AppData\Local\Programs\Python\Python311\Lib\site-packages\dbt\task\init.py", line 130, in generate_target_from_input
    target[key] = click.prompt(
                  ^^^^^^^^^^^^^
  File "C:\Users\GabrielPC\AppData\Local\Programs\Python\Python311\Lib\site-packages\click\termui.py", line 166, in prompt
    value = prompt_func(prompt)
            ^^^^^^^^^^^^^^^^^^^
  File "C:\Users\GabrielPC\AppData\Local\Programs\Python\Python311\Lib\site-packages\click\termui.py", line 149, in prompt_func
    raise Abort() from None
click.exceptions.Abort



============================== 2023-03-29 22:53:09.711330 | a9efe407-08d2-4c03-b739-5db0f6459959 ==============================
[0m22:53:09.711330 [info ] [MainThread]: Running with dbt=1.4.5
[0m22:53:09.712331 [debug] [MainThread]: running dbt with arguments {'write_json': True, 'use_colors': True, 'printer_width': 80, 'version_check': True, 'partial_parse': True, 'static_parser': True, 'profiles_dir': 'C:\\Users\\GabrielPC\\.dbt', 'send_anonymous_usage_stats': True, 'quiet': False, 'no_print': False, 'cache_selected_only': False, 'config_dir': False, 'which': 'debug', 'indirect_selection': 'eager'}
[0m22:53:09.712331 [debug] [MainThread]: Tracking: tracking
[0m22:53:09.721398 [debug] [MainThread]: Sending event: {'category': 'dbt', 'action': 'invocation', 'label': 'start', 'context': [<snowplow_tracker.self_describing_json.SelfDescribingJson object at 0x0000014FB30A9DD0>, <snowplow_tracker.self_describing_json.SelfDescribingJson object at 0x0000014FB33D77D0>, <snowplow_tracker.self_describing_json.SelfDescribingJson object at 0x0000014FB33D6A50>]}
[0m22:53:09.722399 [debug] [MainThread]: Executing "git --help"
[0m22:53:09.745396 [debug] [MainThread]: STDOUT: "b"usage: git [-v | --version] [-h | --help] [-C <path>] [-c <name>=<value>]\n           [--exec-path[=<path>]] [--html-path] [--man-path] [--info-path]\n           [-p | --paginate | -P | --no-pager] [--no-replace-objects] [--bare]\n           [--git-dir=<path>] [--work-tree=<path>] [--namespace=<name>]\n           [--super-prefix=<path>] [--config-env=<name>=<envvar>]\n           <command> [<args>]\n\nThese are common Git commands used in various situations:\n\nstart a working area (see also: git help tutorial)\n   clone     Clone a repository into a new directory\n   init      Create an empty Git repository or reinitialize an existing one\n\nwork on the current change (see also: git help everyday)\n   add       Add file contents to the index\n   mv        Move or rename a file, a directory, or a symlink\n   restore   Restore working tree files\n   rm        Remove files from the working tree and from the index\n\nexamine the history and state (see also: git help revisions)\n   bisect    Use binary search to find the commit that introduced a bug\n   diff      Show changes between commits, commit and working tree, etc\n   grep      Print lines matching a pattern\n   log       Show commit logs\n   show      Show various types of objects\n   status    Show the working tree status\n\ngrow, mark and tweak your common history\n   branch    List, create, or delete branches\n   commit    Record changes to the repository\n   merge     Join two or more development histories together\n   rebase    Reapply commits on top of another base tip\n   reset     Reset current HEAD to the specified state\n   switch    Switch branches\n   tag       Create, list, delete or verify a tag object signed with GPG\n\ncollaborate (see also: git help workflows)\n   fetch     Download objects and refs from another repository\n   pull      Fetch from and integrate with another repository or a local branch\n   push      Update remote refs along with associated objects\n\n'git help -a' and 'git help -g' list available subcommands and some\nconcept guides. See 'git help <command>' or 'git help <concept>'\nto read about a specific subcommand or concept.\nSee 'git help git' for an overview of the system.\n""
[0m22:53:09.746396 [debug] [MainThread]: STDERR: "b''"
[0m22:53:09.747397 [debug] [MainThread]: Sending event: {'category': 'dbt', 'action': 'invocation', 'label': 'end', 'context': [<snowplow_tracker.self_describing_json.SelfDescribingJson object at 0x0000014FB37E4810>, <snowplow_tracker.self_describing_json.SelfDescribingJson object at 0x0000014FB3461F10>, <snowplow_tracker.self_describing_json.SelfDescribingJson object at 0x0000014FB3148690>]}
[0m22:53:09.747397 [debug] [MainThread]: Flushing usage events
